<?xml version="1.0" encoding="UTF-8"?>
<testsuite xmlns:xsi="http://www.w3.org/2001/XMLSchema-instance" xsi:noNamespaceSchemaLocation="https://maven.apache.org/surefire/maven-surefire-plugin/xsd/surefire-test-report-3.0.xsd" version="3.0" name="AutomationCucumberTest.TestRunner" time="103.387" tests="1" errors="0" skipped="0" failures="0">
  <properties>
    <property name="java.specification.version" value="23"/>
    <property name="sun.cpu.isalist" value="amd64"/>
    <property name="sun.jnu.encoding" value="Cp1252"/>
    <property name="java.class.path" value="C:\Users\shashikumar.sajjan\test-plan-source-repo\target\test-classes;C:\Users\shashikumar.sajjan\test-plan-source-repo\target\classes;C:\Users\shashikumar.sajjan\.m2\repository\io\cucumber\cucumber-java\7.14.0\cucumber-java-7.14.0.jar;C:\Users\shashikumar.sajjan\.m2\repository\io\cucumber\cucumber-core\7.14.0\cucumber-core-7.14.0.jar;C:\Users\shashikumar.sajjan\.m2\repository\io\cucumber\cucumber-gherkin\7.14.0\cucumber-gherkin-7.14.0.jar;C:\Users\shashikumar.sajjan\.m2\repository\io\cucumber\cucumber-gherkin-messages\7.14.0\cucumber-gherkin-messages-7.14.0.jar;C:\Users\shashikumar.sajjan\.m2\repository\io\cucumber\gherkin\26.2.0\gherkin-26.2.0.jar;C:\Users\shashikumar.sajjan\.m2\repository\io\cucumber\messages\22.0.0\messages-22.0.0.jar;C:\Users\shashikumar.sajjan\.m2\repository\io\cucumber\tag-expressions\5.0.6\tag-expressions-5.0.6.jar;C:\Users\shashikumar.sajjan\.m2\repository\io\cucumber\cucumber-expressions\16.1.2\cucumber-expressions-16.1.2.jar;C:\Users\shashikumar.sajjan\.m2\repository\io\cucumber\datatable\7.14.0\datatable-7.14.0.jar;C:\Users\shashikumar.sajjan\.m2\repository\io\cucumber\cucumber-plugin\7.14.0\cucumber-plugin-7.14.0.jar;C:\Users\shashikumar.sajjan\.m2\repository\io\cucumber\docstring\7.14.0\docstring-7.14.0.jar;C:\Users\shashikumar.sajjan\.m2\repository\io\cucumber\html-formatter\20.4.0\html-formatter-20.4.0.jar;C:\Users\shashikumar.sajjan\.m2\repository\io\cucumber\junit-xml-formatter\0.2.0\junit-xml-formatter-0.2.0.jar;C:\Users\shashikumar.sajjan\.m2\repository\io\cucumber\ci-environment\9.2.0\ci-environment-9.2.0.jar;C:\Users\shashikumar.sajjan\.m2\repository\org\apiguardian\apiguardian-api\1.1.2\apiguardian-api-1.1.2.jar;C:\Users\shashikumar.sajjan\.m2\repository\junit\junit\4.13.2\junit-4.13.2.jar;C:\Users\shashikumar.sajjan\.m2\repository\org\hamcrest\hamcrest-core\1.3\hamcrest-core-1.3.jar;C:\Users\shashikumar.sajjan\.m2\repository\io\cucumber\cucumber-junit\7.14.0\cucumber-junit-7.14.0.jar;C:\Users\shashikumar.sajjan\.m2\repository\org\seleniumhq\selenium\selenium-java\4.14.0\selenium-java-4.14.0.jar;C:\Users\shashikumar.sajjan\.m2\repository\org\seleniumhq\selenium\selenium-api\4.14.0\selenium-api-4.14.0.jar;C:\Users\shashikumar.sajjan\.m2\repository\org\seleniumhq\selenium\selenium-chrome-driver\4.14.0\selenium-chrome-driver-4.14.0.jar;C:\Users\shashikumar.sajjan\.m2\repository\com\google\auto\service\auto-service-annotations\1.1.1\auto-service-annotations-1.1.1.jar;C:\Users\shashikumar.sajjan\.m2\repository\com\google\guava\guava\32.1.2-jre\guava-32.1.2-jre.jar;C:\Users\shashikumar.sajjan\.m2\repository\com\google\guava\failureaccess\1.0.1\failureaccess-1.0.1.jar;C:\Users\shashikumar.sajjan\.m2\repository\com\google\guava\listenablefuture\9999.0-empty-to-avoid-conflict-with-guava\listenablefuture-9999.0-empty-to-avoid-conflict-with-guava.jar;C:\Users\shashikumar.sajjan\.m2\repository\com\google\code\findbugs\jsr305\3.0.2\jsr305-3.0.2.jar;C:\Users\shashikumar.sajjan\.m2\repository\org\checkerframework\checker-qual\3.33.0\checker-qual-3.33.0.jar;C:\Users\shashikumar.sajjan\.m2\repository\com\google\errorprone\error_prone_annotations\2.18.0\error_prone_annotations-2.18.0.jar;C:\Users\shashikumar.sajjan\.m2\repository\com\google\j2objc\j2objc-annotations\2.8\j2objc-annotations-2.8.jar;C:\Users\shashikumar.sajjan\.m2\repository\org\seleniumhq\selenium\selenium-chromium-driver\4.14.0\selenium-chromium-driver-4.14.0.jar;C:\Users\shashikumar.sajjan\.m2\repository\org\seleniumhq\selenium\selenium-json\4.14.0\selenium-json-4.14.0.jar;C:\Users\shashikumar.sajjan\.m2\repository\org\seleniumhq\selenium\selenium-manager\4.14.0\selenium-manager-4.14.0.jar;C:\Users\shashikumar.sajjan\.m2\repository\org\seleniumhq\selenium\selenium-devtools-v116\4.14.0\selenium-devtools-v116-4.14.0.jar;C:\Users\shashikumar.sajjan\.m2\repository\org\seleniumhq\selenium\selenium-devtools-v117\4.14.0\selenium-devtools-v117-4.14.0.jar;C:\Users\shashikumar.sajjan\.m2\repository\org\seleniumhq\selenium\selenium-devtools-v118\4.14.0\selenium-devtools-v118-4.14.0.jar;C:\Users\shashikumar.sajjan\.m2\repository\org\seleniumhq\selenium\selenium-devtools-v85\4.14.0\selenium-devtools-v85-4.14.0.jar;C:\Users\shashikumar.sajjan\.m2\repository\org\seleniumhq\selenium\selenium-edge-driver\4.14.0\selenium-edge-driver-4.14.0.jar;C:\Users\shashikumar.sajjan\.m2\repository\org\seleniumhq\selenium\selenium-firefox-driver\4.14.0\selenium-firefox-driver-4.14.0.jar;C:\Users\shashikumar.sajjan\.m2\repository\org\seleniumhq\selenium\selenium-http\4.14.0\selenium-http-4.14.0.jar;C:\Users\shashikumar.sajjan\.m2\repository\dev\failsafe\failsafe\3.3.2\failsafe-3.3.2.jar;C:\Users\shashikumar.sajjan\.m2\repository\org\seleniumhq\selenium\selenium-ie-driver\4.14.0\selenium-ie-driver-4.14.0.jar;C:\Users\shashikumar.sajjan\.m2\repository\org\seleniumhq\selenium\selenium-remote-driver\4.14.0\selenium-remote-driver-4.14.0.jar;C:\Users\shashikumar.sajjan\.m2\repository\io\opentelemetry\opentelemetry-api\1.28.0\opentelemetry-api-1.28.0.jar;C:\Users\shashikumar.sajjan\.m2\repository\io\opentelemetry\opentelemetry-context\1.28.0\opentelemetry-context-1.28.0.jar;C:\Users\shashikumar.sajjan\.m2\repository\io\opentelemetry\opentelemetry-exporter-logging\1.28.0\opentelemetry-exporter-logging-1.28.0.jar;C:\Users\shashikumar.sajjan\.m2\repository\io\opentelemetry\opentelemetry-sdk-metrics\1.28.0\opentelemetry-sdk-metrics-1.28.0.jar;C:\Users\shashikumar.sajjan\.m2\repository\io\opentelemetry\opentelemetry-extension-incubator\1.28.0-alpha\opentelemetry-extension-incubator-1.28.0-alpha.jar;C:\Users\shashikumar.sajjan\.m2\repository\io\opentelemetry\opentelemetry-sdk-logs\1.28.0\opentelemetry-sdk-logs-1.28.0.jar;C:\Users\shashikumar.sajjan\.m2\repository\io\opentelemetry\opentelemetry-sdk-common\1.28.0\opentelemetry-sdk-common-1.28.0.jar;C:\Users\shashikumar.sajjan\.m2\repository\io\opentelemetry\opentelemetry-sdk-extension-autoconfigure-spi\1.28.0\opentelemetry-sdk-extension-autoconfigure-spi-1.28.0.jar;C:\Users\shashikumar.sajjan\.m2\repository\io\opentelemetry\opentelemetry-sdk-extension-autoconfigure\1.28.0\opentelemetry-sdk-extension-autoconfigure-1.28.0.jar;C:\Users\shashikumar.sajjan\.m2\repository\io\opentelemetry\opentelemetry-api-events\1.28.0-alpha\opentelemetry-api-events-1.28.0-alpha.jar;C:\Users\shashikumar.sajjan\.m2\repository\io\opentelemetry\opentelemetry-sdk-trace\1.28.0\opentelemetry-sdk-trace-1.28.0.jar;C:\Users\shashikumar.sajjan\.m2\repository\io\opentelemetry\opentelemetry-sdk\1.28.0\opentelemetry-sdk-1.28.0.jar;C:\Users\shashikumar.sajjan\.m2\repository\io\opentelemetry\opentelemetry-semconv\1.28.0-alpha\opentelemetry-semconv-1.28.0-alpha.jar;C:\Users\shashikumar.sajjan\.m2\repository\net\bytebuddy\byte-buddy\1.14.5\byte-buddy-1.14.5.jar;C:\Users\shashikumar.sajjan\.m2\repository\org\seleniumhq\selenium\selenium-os\4.14.0\selenium-os-4.14.0.jar;C:\Users\shashikumar.sajjan\.m2\repository\org\apache\commons\commons-exec\1.3\commons-exec-1.3.jar;C:\Users\shashikumar.sajjan\.m2\repository\org\seleniumhq\selenium\selenium-safari-driver\4.14.0\selenium-safari-driver-4.14.0.jar;C:\Users\shashikumar.sajjan\.m2\repository\org\seleniumhq\selenium\selenium-support\4.14.0\selenium-support-4.14.0.jar;C:\Users\shashikumar.sajjan\.m2\repository\io\github\bonigarcia\webdrivermanager\5.5.3\webdrivermanager-5.5.3.jar;C:\Users\shashikumar.sajjan\.m2\repository\com\google\code\gson\gson\2.10.1\gson-2.10.1.jar;C:\Users\shashikumar.sajjan\.m2\repository\com\github\docker-java\docker-java\3.3.3\docker-java-3.3.3.jar;C:\Users\shashikumar.sajjan\.m2\repository\com\github\docker-java\docker-java-core\3.3.3\docker-java-core-3.3.3.jar;C:\Users\shashikumar.sajjan\.m2\repository\com\github\docker-java\docker-java-api\3.3.3\docker-java-api-3.3.3.jar;C:\Users\shashikumar.sajjan\.m2\repository\com\fasterxml\jackson\core\jackson-annotations\2.10.3\jackson-annotations-2.10.3.jar;C:\Users\shashikumar.sajjan\.m2\repository\commons-io\commons-io\2.6\commons-io-2.6.jar;C:\Users\shashikumar.sajjan\.m2\repository\org\apache\commons\commons-compress\1.21\commons-compress-1.21.jar;C:\Users\shashikumar.sajjan\.m2\repository\com\fasterxml\jackson\core\jackson-databind\2.10.3\jackson-databind-2.10.3.jar;C:\Users\shashikumar.sajjan\.m2\repository\com\fasterxml\jackson\core\jackson-core\2.10.3\jackson-core-2.10.3.jar;C:\Users\shashikumar.sajjan\.m2\repository\org\bouncycastle\bcpkix-jdk18on\1.75\bcpkix-jdk18on-1.75.jar;C:\Users\shashikumar.sajjan\.m2\repository\org\bouncycastle\bcprov-jdk18on\1.75\bcprov-jdk18on-1.75.jar;C:\Users\shashikumar.sajjan\.m2\repository\org\bouncycastle\bcutil-jdk18on\1.75\bcutil-jdk18on-1.75.jar;C:\Users\shashikumar.sajjan\.m2\repository\org\slf4j\jcl-over-slf4j\1.7.30\jcl-over-slf4j-1.7.30.jar;C:\Users\shashikumar.sajjan\.m2\repository\com\github\docker-java\docker-java-transport-httpclient5\3.3.3\docker-java-transport-httpclient5-3.3.3.jar;C:\Users\shashikumar.sajjan\.m2\repository\com\github\docker-java\docker-java-transport\3.3.3\docker-java-transport-3.3.3.jar;C:\Users\shashikumar.sajjan\.m2\repository\net\java\dev\jna\jna\5.12.1\jna-5.12.1.jar;C:\Users\shashikumar.sajjan\.m2\repository\org\brotli\dec\0.1.2\dec-0.1.2.jar;C:\Users\shashikumar.sajjan\.m2\repository\org\apache\commons\commons-lang3\3.13.0\commons-lang3-3.13.0.jar;C:\Users\shashikumar.sajjan\.m2\repository\org\apache\httpcomponents\client5\httpclient5\5.2.1\httpclient5-5.2.1.jar;C:\Users\shashikumar.sajjan\.m2\repository\org\apache\httpcomponents\core5\httpcore5\5.2\httpcore5-5.2.jar;C:\Users\shashikumar.sajjan\.m2\repository\org\apache\httpcomponents\core5\httpcore5-h2\5.2\httpcore5-h2-5.2.jar;C:\Users\shashikumar.sajjan\.m2\repository\org\slf4j\slf4j-api\2.0.0-alpha0\slf4j-api-2.0.0-alpha0.jar;"/>
    <property name="java.vm.vendor" value="Oracle Corporation"/>
    <property name="sun.arch.data.model" value="64"/>
    <property name="user.variant" value=""/>
    <property name="java.vendor.url" value="https://java.oracle.com/"/>
    <property name="user.timezone" value="Asia/Calcutta"/>
    <property name="os.name" value="Windows 11"/>
    <property name="java.vm.specification.version" value="23"/>
    <property name="sun.java.launcher" value="SUN_STANDARD"/>
    <property name="user.country" value="US"/>
    <property name="sun.boot.library.path" value="C:\Users\shashikumar.sajjan\.jdks\openjdk-23.0.1\bin"/>
    <property name="sun.java.command" value="C:\Users\shashikumar.sajjan\AppData\Local\Temp\surefire5984168438936242213\surefirebooter-20250526192113657_3.jar C:\Users\shashikumar.sajjan\AppData\Local\Temp\surefire5984168438936242213 2025-05-26T19-21-11_843-jvmRun1 surefire-20250526192113657_1tmp surefire_0-20250526192113657_2tmp"/>
    <property name="jdk.debug" value="release"/>
    <property name="surefire.test.class.path" value="C:\Users\shashikumar.sajjan\test-plan-source-repo\target\test-classes;C:\Users\shashikumar.sajjan\test-plan-source-repo\target\classes;C:\Users\shashikumar.sajjan\.m2\repository\io\cucumber\cucumber-java\7.14.0\cucumber-java-7.14.0.jar;C:\Users\shashikumar.sajjan\.m2\repository\io\cucumber\cucumber-core\7.14.0\cucumber-core-7.14.0.jar;C:\Users\shashikumar.sajjan\.m2\repository\io\cucumber\cucumber-gherkin\7.14.0\cucumber-gherkin-7.14.0.jar;C:\Users\shashikumar.sajjan\.m2\repository\io\cucumber\cucumber-gherkin-messages\7.14.0\cucumber-gherkin-messages-7.14.0.jar;C:\Users\shashikumar.sajjan\.m2\repository\io\cucumber\gherkin\26.2.0\gherkin-26.2.0.jar;C:\Users\shashikumar.sajjan\.m2\repository\io\cucumber\messages\22.0.0\messages-22.0.0.jar;C:\Users\shashikumar.sajjan\.m2\repository\io\cucumber\tag-expressions\5.0.6\tag-expressions-5.0.6.jar;C:\Users\shashikumar.sajjan\.m2\repository\io\cucumber\cucumber-expressions\16.1.2\cucumber-expressions-16.1.2.jar;C:\Users\shashikumar.sajjan\.m2\repository\io\cucumber\datatable\7.14.0\datatable-7.14.0.jar;C:\Users\shashikumar.sajjan\.m2\repository\io\cucumber\cucumber-plugin\7.14.0\cucumber-plugin-7.14.0.jar;C:\Users\shashikumar.sajjan\.m2\repository\io\cucumber\docstring\7.14.0\docstring-7.14.0.jar;C:\Users\shashikumar.sajjan\.m2\repository\io\cucumber\html-formatter\20.4.0\html-formatter-20.4.0.jar;C:\Users\shashikumar.sajjan\.m2\repository\io\cucumber\junit-xml-formatter\0.2.0\junit-xml-formatter-0.2.0.jar;C:\Users\shashikumar.sajjan\.m2\repository\io\cucumber\ci-environment\9.2.0\ci-environment-9.2.0.jar;C:\Users\shashikumar.sajjan\.m2\repository\org\apiguardian\apiguardian-api\1.1.2\apiguardian-api-1.1.2.jar;C:\Users\shashikumar.sajjan\.m2\repository\junit\junit\4.13.2\junit-4.13.2.jar;C:\Users\shashikumar.sajjan\.m2\repository\org\hamcrest\hamcrest-core\1.3\hamcrest-core-1.3.jar;C:\Users\shashikumar.sajjan\.m2\repository\io\cucumber\cucumber-junit\7.14.0\cucumber-junit-7.14.0.jar;C:\Users\shashikumar.sajjan\.m2\repository\org\seleniumhq\selenium\selenium-java\4.14.0\selenium-java-4.14.0.jar;C:\Users\shashikumar.sajjan\.m2\repository\org\seleniumhq\selenium\selenium-api\4.14.0\selenium-api-4.14.0.jar;C:\Users\shashikumar.sajjan\.m2\repository\org\seleniumhq\selenium\selenium-chrome-driver\4.14.0\selenium-chrome-driver-4.14.0.jar;C:\Users\shashikumar.sajjan\.m2\repository\com\google\auto\service\auto-service-annotations\1.1.1\auto-service-annotations-1.1.1.jar;C:\Users\shashikumar.sajjan\.m2\repository\com\google\guava\guava\32.1.2-jre\guava-32.1.2-jre.jar;C:\Users\shashikumar.sajjan\.m2\repository\com\google\guava\failureaccess\1.0.1\failureaccess-1.0.1.jar;C:\Users\shashikumar.sajjan\.m2\repository\com\google\guava\listenablefuture\9999.0-empty-to-avoid-conflict-with-guava\listenablefuture-9999.0-empty-to-avoid-conflict-with-guava.jar;C:\Users\shashikumar.sajjan\.m2\repository\com\google\code\findbugs\jsr305\3.0.2\jsr305-3.0.2.jar;C:\Users\shashikumar.sajjan\.m2\repository\org\checkerframework\checker-qual\3.33.0\checker-qual-3.33.0.jar;C:\Users\shashikumar.sajjan\.m2\repository\com\google\errorprone\error_prone_annotations\2.18.0\error_prone_annotations-2.18.0.jar;C:\Users\shashikumar.sajjan\.m2\repository\com\google\j2objc\j2objc-annotations\2.8\j2objc-annotations-2.8.jar;C:\Users\shashikumar.sajjan\.m2\repository\org\seleniumhq\selenium\selenium-chromium-driver\4.14.0\selenium-chromium-driver-4.14.0.jar;C:\Users\shashikumar.sajjan\.m2\repository\org\seleniumhq\selenium\selenium-json\4.14.0\selenium-json-4.14.0.jar;C:\Users\shashikumar.sajjan\.m2\repository\org\seleniumhq\selenium\selenium-manager\4.14.0\selenium-manager-4.14.0.jar;C:\Users\shashikumar.sajjan\.m2\repository\org\seleniumhq\selenium\selenium-devtools-v116\4.14.0\selenium-devtools-v116-4.14.0.jar;C:\Users\shashikumar.sajjan\.m2\repository\org\seleniumhq\selenium\selenium-devtools-v117\4.14.0\selenium-devtools-v117-4.14.0.jar;C:\Users\shashikumar.sajjan\.m2\repository\org\seleniumhq\selenium\selenium-devtools-v118\4.14.0\selenium-devtools-v118-4.14.0.jar;C:\Users\shashikumar.sajjan\.m2\repository\org\seleniumhq\selenium\selenium-devtools-v85\4.14.0\selenium-devtools-v85-4.14.0.jar;C:\Users\shashikumar.sajjan\.m2\repository\org\seleniumhq\selenium\selenium-edge-driver\4.14.0\selenium-edge-driver-4.14.0.jar;C:\Users\shashikumar.sajjan\.m2\repository\org\seleniumhq\selenium\selenium-firefox-driver\4.14.0\selenium-firefox-driver-4.14.0.jar;C:\Users\shashikumar.sajjan\.m2\repository\org\seleniumhq\selenium\selenium-http\4.14.0\selenium-http-4.14.0.jar;C:\Users\shashikumar.sajjan\.m2\repository\dev\failsafe\failsafe\3.3.2\failsafe-3.3.2.jar;C:\Users\shashikumar.sajjan\.m2\repository\org\seleniumhq\selenium\selenium-ie-driver\4.14.0\selenium-ie-driver-4.14.0.jar;C:\Users\shashikumar.sajjan\.m2\repository\org\seleniumhq\selenium\selenium-remote-driver\4.14.0\selenium-remote-driver-4.14.0.jar;C:\Users\shashikumar.sajjan\.m2\repository\io\opentelemetry\opentelemetry-api\1.28.0\opentelemetry-api-1.28.0.jar;C:\Users\shashikumar.sajjan\.m2\repository\io\opentelemetry\opentelemetry-context\1.28.0\opentelemetry-context-1.28.0.jar;C:\Users\shashikumar.sajjan\.m2\repository\io\opentelemetry\opentelemetry-exporter-logging\1.28.0\opentelemetry-exporter-logging-1.28.0.jar;C:\Users\shashikumar.sajjan\.m2\repository\io\opentelemetry\opentelemetry-sdk-metrics\1.28.0\opentelemetry-sdk-metrics-1.28.0.jar;C:\Users\shashikumar.sajjan\.m2\repository\io\opentelemetry\opentelemetry-extension-incubator\1.28.0-alpha\opentelemetry-extension-incubator-1.28.0-alpha.jar;C:\Users\shashikumar.sajjan\.m2\repository\io\opentelemetry\opentelemetry-sdk-logs\1.28.0\opentelemetry-sdk-logs-1.28.0.jar;C:\Users\shashikumar.sajjan\.m2\repository\io\opentelemetry\opentelemetry-sdk-common\1.28.0\opentelemetry-sdk-common-1.28.0.jar;C:\Users\shashikumar.sajjan\.m2\repository\io\opentelemetry\opentelemetry-sdk-extension-autoconfigure-spi\1.28.0\opentelemetry-sdk-extension-autoconfigure-spi-1.28.0.jar;C:\Users\shashikumar.sajjan\.m2\repository\io\opentelemetry\opentelemetry-sdk-extension-autoconfigure\1.28.0\opentelemetry-sdk-extension-autoconfigure-1.28.0.jar;C:\Users\shashikumar.sajjan\.m2\repository\io\opentelemetry\opentelemetry-api-events\1.28.0-alpha\opentelemetry-api-events-1.28.0-alpha.jar;C:\Users\shashikumar.sajjan\.m2\repository\io\opentelemetry\opentelemetry-sdk-trace\1.28.0\opentelemetry-sdk-trace-1.28.0.jar;C:\Users\shashikumar.sajjan\.m2\repository\io\opentelemetry\opentelemetry-sdk\1.28.0\opentelemetry-sdk-1.28.0.jar;C:\Users\shashikumar.sajjan\.m2\repository\io\opentelemetry\opentelemetry-semconv\1.28.0-alpha\opentelemetry-semconv-1.28.0-alpha.jar;C:\Users\shashikumar.sajjan\.m2\repository\net\bytebuddy\byte-buddy\1.14.5\byte-buddy-1.14.5.jar;C:\Users\shashikumar.sajjan\.m2\repository\org\seleniumhq\selenium\selenium-os\4.14.0\selenium-os-4.14.0.jar;C:\Users\shashikumar.sajjan\.m2\repository\org\apache\commons\commons-exec\1.3\commons-exec-1.3.jar;C:\Users\shashikumar.sajjan\.m2\repository\org\seleniumhq\selenium\selenium-safari-driver\4.14.0\selenium-safari-driver-4.14.0.jar;C:\Users\shashikumar.sajjan\.m2\repository\org\seleniumhq\selenium\selenium-support\4.14.0\selenium-support-4.14.0.jar;C:\Users\shashikumar.sajjan\.m2\repository\io\github\bonigarcia\webdrivermanager\5.5.3\webdrivermanager-5.5.3.jar;C:\Users\shashikumar.sajjan\.m2\repository\com\google\code\gson\gson\2.10.1\gson-2.10.1.jar;C:\Users\shashikumar.sajjan\.m2\repository\com\github\docker-java\docker-java\3.3.3\docker-java-3.3.3.jar;C:\Users\shashikumar.sajjan\.m2\repository\com\github\docker-java\docker-java-core\3.3.3\docker-java-core-3.3.3.jar;C:\Users\shashikumar.sajjan\.m2\repository\com\github\docker-java\docker-java-api\3.3.3\docker-java-api-3.3.3.jar;C:\Users\shashikumar.sajjan\.m2\repository\com\fasterxml\jackson\core\jackson-annotations\2.10.3\jackson-annotations-2.10.3.jar;C:\Users\shashikumar.sajjan\.m2\repository\commons-io\commons-io\2.6\commons-io-2.6.jar;C:\Users\shashikumar.sajjan\.m2\repository\org\apache\commons\commons-compress\1.21\commons-compress-1.21.jar;C:\Users\shashikumar.sajjan\.m2\repository\com\fasterxml\jackson\core\jackson-databind\2.10.3\jackson-databind-2.10.3.jar;C:\Users\shashikumar.sajjan\.m2\repository\com\fasterxml\jackson\core\jackson-core\2.10.3\jackson-core-2.10.3.jar;C:\Users\shashikumar.sajjan\.m2\repository\org\bouncycastle\bcpkix-jdk18on\1.75\bcpkix-jdk18on-1.75.jar;C:\Users\shashikumar.sajjan\.m2\repository\org\bouncycastle\bcprov-jdk18on\1.75\bcprov-jdk18on-1.75.jar;C:\Users\shashikumar.sajjan\.m2\repository\org\bouncycastle\bcutil-jdk18on\1.75\bcutil-jdk18on-1.75.jar;C:\Users\shashikumar.sajjan\.m2\repository\org\slf4j\jcl-over-slf4j\1.7.30\jcl-over-slf4j-1.7.30.jar;C:\Users\shashikumar.sajjan\.m2\repository\com\github\docker-java\docker-java-transport-httpclient5\3.3.3\docker-java-transport-httpclient5-3.3.3.jar;C:\Users\shashikumar.sajjan\.m2\repository\com\github\docker-java\docker-java-transport\3.3.3\docker-java-transport-3.3.3.jar;C:\Users\shashikumar.sajjan\.m2\repository\net\java\dev\jna\jna\5.12.1\jna-5.12.1.jar;C:\Users\shashikumar.sajjan\.m2\repository\org\brotli\dec\0.1.2\dec-0.1.2.jar;C:\Users\shashikumar.sajjan\.m2\repository\org\apache\commons\commons-lang3\3.13.0\commons-lang3-3.13.0.jar;C:\Users\shashikumar.sajjan\.m2\repository\org\apache\httpcomponents\client5\httpclient5\5.2.1\httpclient5-5.2.1.jar;C:\Users\shashikumar.sajjan\.m2\repository\org\apache\httpcomponents\core5\httpcore5\5.2\httpcore5-5.2.jar;C:\Users\shashikumar.sajjan\.m2\repository\org\apache\httpcomponents\core5\httpcore5-h2\5.2\httpcore5-h2-5.2.jar;C:\Users\shashikumar.sajjan\.m2\repository\org\slf4j\slf4j-api\2.0.0-alpha0\slf4j-api-2.0.0-alpha0.jar;"/>
    <property name="sun.cpu.endian" value="little"/>
    <property name="user.home" value="C:\Users\shashikumar.sajjan"/>
    <property name="user.language" value="en"/>
    <property name="java.specification.vendor" value="Oracle Corporation"/>
    <property name="java.version.date" value="2024-10-15"/>
    <property name="java.home" value="C:\Users\shashikumar.sajjan\.jdks\openjdk-23.0.1"/>
    <property name="file.separator" value="\"/>
    <property name="basedir" value="C:\Users\shashikumar.sajjan\test-plan-source-repo"/>
    <property name="java.vm.compressedOopsMode" value="Zero based"/>
    <property name="line.separator" value="&#10;"/>
    <property name="java.vm.specification.vendor" value="Oracle Corporation"/>
    <property name="java.specification.name" value="Java Platform API Specification"/>
    <property name="surefire.real.class.path" value="C:\Users\shashikumar.sajjan\AppData\Local\Temp\surefire5984168438936242213\surefirebooter-20250526192113657_3.jar"/>
    <property name="user.script" value=""/>
    <property name="sun.management.compiler" value="HotSpot 64-Bit Tiered Compilers"/>
    <property name="java.runtime.version" value="23.0.1+11-39"/>
    <property name="user.name" value="shashikumar.sajjan"/>
    <property name="stdout.encoding" value="Cp1252"/>
    <property name="path.separator" value=";"/>
    <property name="os.version" value="10.0"/>
    <property name="java.runtime.name" value="OpenJDK Runtime Environment"/>
    <property name="file.encoding" value="UTF-8"/>
    <property name="java.vm.name" value="OpenJDK 64-Bit Server VM"/>
    <property name="localRepository" value="C:\Users\shashikumar.sajjan\.m2\repository"/>
    <property name="java.vendor.url.bug" value="https://bugreport.java.com/bugreport/"/>
    <property name="java.io.tmpdir" value="C:\Users\SHASHI~1.SAJ\AppData\Local\Temp\"/>
    <property name="idea.version" value="2024.2.1"/>
    <property name="java.version" value="23.0.1"/>
    <property name="user.dir" value="C:\Users\shashikumar.sajjan\test-plan-source-repo"/>
    <property name="os.arch" value="amd64"/>
    <property name="java.vm.specification.name" value="Java Virtual Machine Specification"/>
    <property name="sun.os.patch.level" value=""/>
    <property name="native.encoding" value="Cp1252"/>
    <property name="java.library.path" value="C:\Users\shashikumar.sajjan\.jdks\openjdk-23.0.1\bin;C:\Windows\Sun\Java\bin;C:\Windows\system32;C:\Windows;C:\Windows\system32;C:\Windows;C:\Windows\System32\Wbem;C:\Windows\System32\WindowsPowerShell\v1.0\;C:\Windows\System32\OpenSSH\;C:\Program Files\Git\cmd;C:\Program Files\Python310\Scripts\;C:\Program Files\Python310\;C:\Program Files\dotnet\;C:\Program Files\PuTTY\;C:\Program Files\Python310;C:\Playwrite_Automation\venv\Scripts;C:\Playwrite_Automation\venv;C:\Playwrite_Automation\venv\Scripts\pip\pip.ini;C:\Playwrite_Automation\venv\Scripts\pip;C:\Users\shashikumar.sajjan\AppData\Local\Microsoft\WindowsApps\python3.10.exe;C:\Users\shashikumar.sajjan\AppData\Local\Microsoft\WindowsApps\pip.exe;C:\Program Files\Rancher Desktop\resources\resources\linux\bin\;C:\Program Files\nodejs\;C:\Users\shashikumar.sajjan\apache-maven-3.8.1-bin\apache-maven-3.8.1-bin\apache-maven-3.8.1\bin;C:\Users\shashikumar.sajjan\Downloads\apache-maven-3.8.4\apache-maven-3.8.4\bin;C:\Program Files\TortoiseGit\bin;C:\Users\shashikumar.sajjan\Downloads\java-11-openjdk-11.0.15.9-4.windows.redhat.x86_64 3\java-11-openjdk-11.0.15.9-4.windows.redhat.x86_64\bin;C:\Users\shashikumar.sajjan\AppData\Local\Programs\Python\Launcher\;C:\Users\shashikumar.sajjan\AppData\Local\Microsoft\WindowsApps;C:\Users\shashikumar.sajjan\AppData\Local\GitHubDesktop\bin;C:\Users\shashikumar.sajjan\AppData\Local\Programs\Microsoft VS Code\bin;."/>
    <property name="java.vm.info" value="mixed mode, sharing"/>
    <property name="stderr.encoding" value="Cp1252"/>
    <property name="java.vendor" value="Oracle Corporation"/>
    <property name="java.vm.version" value="23.0.1+11-39"/>
    <property name="sun.io.unicode.encoding" value="UnicodeLittle"/>
    <property name="java.class.version" value="67.0"/>
  </properties>
  <testcase name="Create Employee and Benifits" classname="Plansource Platform" time="102.522">
    <system-out><![CDATA[
@web
Scenario: Create Employee and Benifits                            # src/test/resources/Features/PlanSource.feature:4
lauch url>>>>>>
Inside click
outside click
Session ID: e905c78ec42eba2f9188cb76504bc1ee
  Given Login to Plansource Portal                                # AutomationStepDefinitions.Login.loginToPlansourcePortal()
Inside click
outside click
  And Click on Add New Employee                                   # AutomationStepDefinitions.CreateEmployee.clickOnAddNewEmployee()
 Inside selectValueByvisibleText
 Inside selectValueByvisibleText
 Inside selectValueByvisibleText
 Inside selectValueByvisibleText
  When Create Employee with following basic and Contact data:     # AutomationStepDefinitions.CreateEmployee.createEmployeeWithFollowingBasicAndContactData(io.cucumber.datatable.DataTable)
    | first_name          | Teet         |
    | last_name           | USER         |
    | password            | sjheiufd24   |
    | ssn_text            | 606025980    |
    | address_1           | 202 hartnell |
    | city                | town         |
    | stateTypeahead      | mexico       |
    | zip_code            | 58930        |
    | countryTypeahead    | Uganda       |
    | birthdate           | 05/12/1998   |
    | gender              | Male         |
    | marital_status      | Married      |
    | hire_date           | 05/05/2025   |
    | benefits_start_date | 05/05/2025   |
    | employment_level    | P            |
    | location            | SCA          |
    | current_salary      | 20000        |
    | benefit_salary      | 10000        |
Inside click
outside click
  And User click on Empolyee details Save button                  # AutomationStepDefinitions.CreateEmployee.userClickOnEmpolyeeDetailsSaveButton()
  And User clicks on "New Hire Enrollment"                        # AutomationStepDefinitions.CreateEmployee.userClicksOn(java.lang.String)
  And User clicks on "Get Started"                                # AutomationStepDefinitions.CreateEmployee.userClicksOn(java.lang.String)
  And User click on Review My Family to fill depeendent details   # AutomationStepDefinitions.CreateEmployee.userClickOnReviewMyFamilyToFillDepeendentDetails()
  Then User click on Add Family Member button                     # AutomationStepDefinitions.CreateEmployee.userClickOnAddFamilyMemberButton()
 Inside selectValueByvisibleText
 Inside selectValueByvisibleText
Inside click
outside click
Inside click
outside click
  And Enter the dependents basic information with following data: # AutomationStepDefinitions.CreateEmployee.enterTheDependentsBasicInformationWithFollowingData(io.cucumber.datatable.DataTable)
    | first_name   | trgg       |
    | last_name    | rswut      |
    | gender       | Male       |
    | birthdate    | 05/12/2001 |
    | relationship | Child      |
Inside click
outside click
Inside click
outside click
Inside click
outside click
  And User click on Medical Shops Plan and Available Plan         # AutomationStepDefinitions.CreateEmployee.userClickOnMedicalShopsPlanAndAvailablePlan()
Status Code: 200
Response Body: {"status":"success","data":{"coverage_id":959957508,"dependency_info":[],"benefits":[{"org_plan_year_id":9393668,"org_benefit_id":121136132,"org_benefit_name":"Medical","benefit_class":"tier","visible_in_enroll_list":true,"visible_in_enroll_step":true,"visible_on_confirmation":true,"display_order":1,"beneficiary_required":false,"beneficiary_optional_admin":false,"beneficiary_required_lookup_code":"Not Applicable","benefit_lookup_code":"medical","benefit_category":"Medical","benefit_dependencies":[],"dependents_allowed":true,"annual_payday_count":24,"active_enrollment_required":true,"hide_volume_on_confirm":false,"hide_cost_if_empty":false,"hide_cost_on_confirm":false,"hide_if_terminated":false,"hide_current_selection":false,"premium_method":"tier","enrollment_method":"standard","eoi_text":"EOI Required","eoi_contingent_text":"","volume_text":"Volume","udef":null,"requires_waive_info":false,"coverage":null,"hide_effective_dates_on_confirm":false,"volume_hour_based":false,"qmcso_enabled":false,"match_level_benefit_lookup_code":null,"benefit_plugin":null,"decision_support_type":null,"page_content_summary":"For specific plan coverage information, review the plan details.Selecting a group Medical Plan provides:\nGuaranteed coverage at the most affordable rate\nLower costs by securing discounted rates at participating providers\nProtection for your finances and the health of you and your family\nThe cost of health care is rising so it is more important than ever to make sure you have health insurance.","org_benefit_category":"category_1","eligible_plan_levels":true},{"org_plan_year_id":9393668,"org_benefit_id":121137668,"org_benefit_name":"Dental","benefit_class":"tier","visible_in_enroll_list":true,"visible_in_enroll_step":true,"visible_on_confirmation":true,"display_order":4,"beneficiary_required":false,"beneficiary_optional_admin":false,"beneficiary_required_lookup_code":"Not Applicable","benefit_lookup_code":"dental","benefit_category":"Health \u0026 Wellness","benefit_dependencies":[],"dependents_allowed":true,"annual_payday_count":24,"active_enrollment_required":true,"hide_volume_on_confirm":false,"hide_cost_if_empty":false,"hide_cost_on_confirm":false,"hide_if_terminated":false,"hide_current_selection":false,"premium_method":"tier","enrollment_method":"standard","eoi_text":"EOI Required","eoi_contingent_text":"","volume_text":"Volume","udef":null,"requires_waive_info":false,"coverage":{"coverage_id":959957508,"req_org_plan_id":319901188,"req_org_plan_name":"Decline","req_org_plan_name_confirm_override":null,"org_plan_id":319901188,"org_plan_name":"Decline","org_plan_name_confirm_override":null,"plan_lookup_code":"generic","is_dependent_only_plan":false,"high_deductible":false,"req_coverage_level_id":137,"req_coverage_level_name":"Other (DO NOT USE)","req_coverage_level_lookup_code":null,"req_show_level_name_on_confirm":true,"coverage_level_id":137,"coverage_level_name":"Other (DO NOT USE)","coverage_level_lookup_code":null,"show_level_name_on_confirm":true,"tax_treatment":"posttax","calculate_imputed_income":false,"waived":true,"original_effective_date":"2025/05/05","change_effective_date":"2025/05/05","termination_date":"2025/05/05","req_subscriber_premium":"0.0","req_subscriber_premium_monthly":"0.0","subscriber_premium":"0.0","subscriber_premium_monthly":"0.0","req_org_premium":"0.0","req_org_premium_monthly":"0.0","org_premium":"0.0","org_premium_monthly":"0.0","req_imputed_income":"0.0","imputed_income":"0.0","req_dp_sub_imputed_income":"0.0","dp_sub_imputed_income":"0.0","req_dp_org_imputed_income":"0.0","dp_org_imputed_income":"0.0","req_carrier_name":"Generic","carrier_name":"Generic","pcp_code_setting":null,"pcp_name_setting":null,"pcp_code_regex":null,"pcp_code_valid_text":null,"pcp_code1":null,"pcp_name1":null,"pcp_existing_patient1":null,"carrier_logo_url":null,"carrier_lookup_code":"generic","req_dependents":[],"dependent_coverages":[],"waiting_for_eoi":false,"eoi_data":{},"waiting_for_doc_requests":false,"waiting_for_parent_eoi_contingency":false,"warning_dependencies":null,"updated_at":"2025-05-26T13:52:11Z","in_shopping_cart":false,"requires_esign":false,"esignature_required":false,"allow_admin_esign":false,"signature_type":"password","esigned":false,"plan_year_start_date":"2024/08/01","plan_year_end_date":"2025/07/30","notices":[],"has_popup_content":false,"coverage_lines":[],"rider_coverages":[],"stacked_rider_coverages":[],"is_coverage_hsa":false,"coverage_policies":{"future_cancel_date":null},"defined_benefit_credits":[]},"hide_effective_dates_on_confirm":false,"volume_hour_based":false,"qmcso_enabled":false,"match_level_benefit_lookup_code":null,"benefit_plugin":null,"decision_support_type":null,"page_content_summary":"Take care of your oral health and set yourself up with healthy habits with Quality Dental Insurance.With a large network of dentists, you can rest assured that you are getting the care you need at a price that will save you money while keeping you healthy. According to the CDC, nearly half of all adults aged 30 or older show signs of gum disease. Invest in your oral health with coverage for annual cleanings, screenings, and various oral procedures with Dental Insurance.Browse our network of p...","org_benefit_category":"category_1","eligible_plan_levels":true},{"org_plan_year_id":9393668,"org_benefit_id":121138180,"org_benefit_name":"Vision","benefit_class":"tier","visible_in_enroll_list":true,"visible_in_enroll_step":true,"visible_on_confirmation":true,"display_order":5,"beneficiary_required":false,"beneficiary_optional_admin":false,"beneficiary_required_lookup_code":"Not Applicable","benefit_lookup_code":"vision","benefit_category":"Health \u0026 Wellness","benefit_dependencies":[],"dependents_allowed":true,"annual_payday_count":24,"active_enrollment_required":true,"hide_volume_on_confirm":false,"hide_cost_if_empty":false,"hide_cost_on_confirm":false,"hide_if_terminated":false,"hide_current_selection":false,"premium_method":"tier","enrollment_method":"standard","eoi_text":"Requires Approval","eoi_contingent_text":"","volume_text":"Volume","udef":null,"requires_waive_info":false,"coverage":null,"hide_effective_dates_on_confirm":false,"volume_hour_based":false,"qmcso_enabled":false,"match_level_benefit_lookup_code":null,"benefit_plugin":null,"decision_support_type":null,"page_content_summary":"Focus on your vision health and protect your sight with Vision Insurance.\n\n\n\nGetting your vision checked regularly is important. Even if you have an eagle eye now, you will likely need some form of corrective lenses in your future. In fact, nearly 75% of Americans wear some form of corrected lenses1, so proper eye exams are becoming more common.\n\n\n\nSave money and get annual eye checkups by adding vision insurance below.\n\n\n\n1 Vision Correction, The Vision Council https://www.thevisioncouncil.o...","org_benefit_category":"category_1","eligible_plan_levels":true},{"org_plan_year_id":9393668,"org_benefit_id":121139716,"org_benefit_name":"Voluntary Employee Life","benefit_class":"volume","visible_in_enroll_list":true,"visible_in_enroll_step":true,"visible_on_confirmation":true,"display_order":8,"beneficiary_required":true,"beneficiary_optional_admin":false,"beneficiary_required_lookup_code":"Required","benefit_lookup_code":"subscriber_life","benefit_category":"Wealth \u0026 Financial","benefit_dependencies":[],"dependents_allowed":false,"annual_payday_count":24,"active_enrollment_required":true,"hide_volume_on_confirm":false,"hide_cost_if_empty":false,"hide_cost_on_confirm":false,"hide_if_terminated":false,"hide_current_selection":false,"premium_method":"tier","enrollment_method":"increments","eoi_text":"EOI Required","eoi_contingent_text":null,"volume_text":"Volume","udef":null,"requires_waive_info":false,"coverage":null,"hide_effective_dates_on_confirm":false,"volume_hour_based":false,"qmcso_enabled":false,"match_level_benefit_lookup_code":null,"benefit_plugin":null,"decision_support_type":null,"page_content_summary":"Increase your protection with an Accidental Death \u0026 Dismemberment (AD\u0026D) plan.With accidents being the fourth leading cause of death in the United States1, its important to know about ways to protect yourself financially from such events. ","org_benefit_category":"category_3","eligible_plan_levels":true}],"defined_benefit_contributions":[],"related_coverage_changes":null}}
  Then Enroll Employee into Dental Benefits via API               # AutomationStepDefinitions.CreateEmployee.enrollEmployeeIntoDentalBenefitsViaAPI()
Inside click
outside click
Inside click
outside click
Inside click
outside click
Inside click
outside click
Inside click
outside click
 File download failed or timed out.
  And Click on Admin and Proceed To Checkout                      # AutomationStepDefinitions.CreateEmployee.clickOnAdminAndProceedToCheckout()
]]></system-out>
    <system-err><![CDATA[SLF4J: No SLF4J providers were found.
SLF4J: Defaulting to no-operation (NOP) logger implementation
SLF4J: See http://www.slf4j.org/codes.html#noProviders for further details.
May 26, 2025 7:21:17 PM org.openqa.selenium.devtools.CdpVersionFinder findNearestMatch
WARNING: Unable to find CDP implementation matching 137
May 26, 2025 7:21:17 PM org.openqa.selenium.chromium.ChromiumDriver lambda$new$5
WARNING: Unable to find version of CDP to use for 137.0.7151.41. You may need to include a dependency on a specific version of the CDP using something similar to `org.seleniumhq.selenium:selenium-devtools-v86:4.14.0` where the version ("v86") matches the version of the chromium-based browser you're using and the version number of the artifact is the same as Selenium's.
]]></system-err>
  </testcase>
</testsuite>